{"/home/travis/build/thiagobustamante/node-eventstore/src/event-store.ts": {"path":"/home/travis/build/thiagobustamante/node-eventstore/src/event-store.ts","statementMap":{"0":{"start":{"line":3,"column":0},"end":{"line":3,"column":28}},"1":{"start":{"line":4,"column":0},"end":{"line":4,"column":49}},"2":{"start":{"line":18,"column":8},"end":{"line":18,"column":44}},"3":{"start":{"line":19,"column":8},"end":{"line":19,"column":40}},"4":{"start":{"line":24,"column":12},"end":{"line":24,"column":69}},"5":{"start":{"line":26,"column":8},"end":{"line":26,"column":40}},"6":{"start":{"line":30,"column":8},"end":{"line":30,"column":35}},"7":{"start":{"line":41,"column":8},"end":{"line":41,"column":85}},"8":{"start":{"line":53,"column":12},"end":{"line":53,"column":89}},"9":{"start":{"line":55,"column":8},"end":{"line":56,"column":81}},"10":{"start":{"line":66,"column":8},"end":{"line":66,"column":60}},"11":{"start":{"line":77,"column":8},"end":{"line":77,"column":68}},"12":{"start":{"line":12,"column":0},"end":{"line":12,"column":13}}},"fnMap":{"0":{"name":"(anonymous_0)","decl":{"start":{"line":17,"column":4},"end":{"line":17,"column":23}},"loc":{"start":{"line":17,"column":75},"end":{"line":20,"column":5}}},"1":{"name":"(anonymous_1)","decl":{"start":{"line":22,"column":4},"end":{"line":22,"column":15}},"loc":{"start":{"line":22,"column":23},"end":{"line":27,"column":5}}},"2":{"name":"(anonymous_2)","decl":{"start":{"line":29,"column":4},"end":{"line":29,"column":15}},"loc":{"start":{"line":29,"column":24},"end":{"line":31,"column":5}}},"3":{"name":"(anonymous_3)","decl":{"start":{"line":40,"column":11},"end":{"line":40,"column":25}},"loc":{"start":{"line":40,"column":63},"end":{"line":42,"column":5}}},"4":{"name":"(anonymous_4)","decl":{"start":{"line":51,"column":11},"end":{"line":51,"column":20}},"loc":{"start":{"line":51,"column":64},"end":{"line":57,"column":5}}},"5":{"name":"(anonymous_5)","decl":{"start":{"line":65,"column":11},"end":{"line":65,"column":16}},"loc":{"start":{"line":65,"column":64},"end":{"line":67,"column":5}}},"6":{"name":"(anonymous_6)","decl":{"start":{"line":76,"column":11},"end":{"line":76,"column":16}},"loc":{"start":{"line":76,"column":80},"end":{"line":78,"column":5}}}},"branchMap":{"0":{"loc":{"start":{"line":52,"column":12},"end":{"line":52,"column":26}},"type":"binary-expr","locations":[{"start":{"line":52,"column":12},"end":{"line":52,"column":26}},{"start":{"line":52,"column":31},"end":{"line":52,"column":74}}]}},"s":{"0":1,"1":1,"2":45,"3":45,"4":1,"5":84,"6":93,"7":65,"8":8,"9":1,"10":10,"11":9,"12":1},"f":{"0":45,"1":85,"2":93,"3":65,"4":9,"5":10,"6":9},"b":{"0":[9,8]}}
,"/home/travis/build/thiagobustamante/node-eventstore/src/event-stream.ts": {"path":"/home/travis/build/thiagobustamante/node-eventstore/src/event-stream.ts","statementMap":{"0":{"start":{"line":17,"column":8},"end":{"line":17,"column":37}},"1":{"start":{"line":18,"column":8},"end":{"line":18,"column":29}},"2":{"start":{"line":26,"column":8},"end":{"line":26,"column":30}},"3":{"start":{"line":33,"column":8},"end":{"line":33,"column":39}},"4":{"start":{"line":43,"column":8},"end":{"line":43,"column":72}},"5":{"start":{"line":52,"column":34},"end":{"line":52,"column":86}},"6":{"start":{"line":54,"column":12},"end":{"line":57,"column":15}},"7":{"start":{"line":59,"column":8},"end":{"line":59,"column":26}},"8":{"start":{"line":63,"column":8},"end":{"line":63,"column":40}},"9":{"start":{"line":12,"column":0},"end":{"line":12,"column":13}}},"fnMap":{"0":{"name":"(anonymous_0)","decl":{"start":{"line":16,"column":4},"end":{"line":16,"column":23}},"loc":{"start":{"line":16,"column":61},"end":{"line":19,"column":5}}},"1":{"name":"(anonymous_1)","decl":{"start":{"line":25,"column":4},"end":{"line":25,"column":15}},"loc":{"start":{"line":25,"column":23},"end":{"line":27,"column":5}}},"2":{"name":"(anonymous_2)","decl":{"start":{"line":32,"column":4},"end":{"line":32,"column":15}},"loc":{"start":{"line":32,"column":26},"end":{"line":34,"column":5}}},"3":{"name":"(anonymous_3)","decl":{"start":{"line":42,"column":11},"end":{"line":42,"column":20}},"loc":{"start":{"line":42,"column":52},"end":{"line":44,"column":5}}},"4":{"name":"(anonymous_4)","decl":{"start":{"line":51,"column":11},"end":{"line":51,"column":16}},"loc":{"start":{"line":51,"column":35},"end":{"line":60,"column":5}}},"5":{"name":"(anonymous_5)","decl":{"start":{"line":62,"column":12},"end":{"line":62,"column":23}},"loc":{"start":{"line":62,"column":23},"end":{"line":64,"column":5}}}},"branchMap":{},"s":{"0":65,"1":65,"2":2,"3":6,"4":8,"5":57,"6":11,"7":57,"8":65,"9":1},"f":{"0":65,"1":2,"2":6,"3":8,"4":57,"5":65},"b":{}}
,"/home/travis/build/thiagobustamante/node-eventstore/src/index.ts": {"path":"/home/travis/build/thiagobustamante/node-eventstore/src/index.ts","statementMap":{"0":{"start":{"line":3,"column":0},"end":{"line":3,"column":9}},"1":{"start":{"line":25,"column":9},"end":{"line":3,"column":56}},"2":{"start":{"line":6,"column":0},"end":{"line":6,"column":9}},"3":{"start":{"line":16,"column":9},"end":{"line":6,"column":53}},"4":{"start":{"line":7,"column":0},"end":{"line":7,"column":9}},"5":{"start":{"line":19,"column":9},"end":{"line":7,"column":49}},"6":{"start":{"line":8,"column":0},"end":{"line":8,"column":9}},"7":{"start":{"line":20,"column":9},"end":{"line":8,"column":49}},"8":{"start":{"line":10,"column":0},"end":{"line":10,"column":9}},"9":{"start":{"line":18,"column":9},"end":{"line":10,"column":49}},"10":{"start":{"line":11,"column":0},"end":{"line":11,"column":9}},"11":{"start":{"line":22,"column":9},"end":{"line":11,"column":55}},"12":{"start":{"line":13,"column":0},"end":{"line":13,"column":9}},"13":{"start":{"line":23,"column":9},"end":{"line":13,"column":57}},"14":{"start":{"line":14,"column":0},"end":{"line":14,"column":9}},"15":{"start":{"line":24,"column":9},"end":{"line":14,"column":51}}},"fnMap":{},"branchMap":{},"s":{"0":1,"1":1,"2":1,"3":1,"4":1,"5":1,"6":1,"7":1,"8":1,"9":1,"10":1,"11":1,"12":1,"13":1,"14":1,"15":1},"f":{},"b":{}}
,"/home/travis/build/thiagobustamante/node-eventstore/src/mysql/connect.ts": {"path":"/home/travis/build/thiagobustamante/node-eventstore/src/mysql/connect.ts","statementMap":{"0":{"start":{"line":3,"column":0},"end":{"line":3,"column":27}},"1":{"start":{"line":4,"column":0},"end":{"line":4,"column":28}},"2":{"start":{"line":5,"column":0},"end":{"line":5,"column":31}},"3":{"start":{"line":8,"column":26},"end":{"line":11,"column":27}},"4":{"start":{"line":16,"column":8},"end":{"line":16,"column":53}},"5":{"start":{"line":21,"column":32},"end":{"line":21,"column":57}},"6":{"start":{"line":22,"column":12},"end":{"line":25,"column":15}},"7":{"start":{"line":23,"column":56},"end":{"line":23,"column":75}},"8":{"start":{"line":24,"column":16},"end":{"line":24,"column":52}},"9":{"start":{"line":26,"column":12},"end":{"line":26,"column":33}},"10":{"start":{"line":28,"column":25},"end":{"line":28,"column":56}},"11":{"start":{"line":29,"column":12},"end":{"line":29,"column":26}},"12":{"start":{"line":32,"column":8},"end":{"line":32,"column":22}},"13":{"start":{"line":36,"column":23},"end":{"line":36,"column":62}},"14":{"start":{"line":38,"column":12},"end":{"line":38,"column":31}},"15":{"start":{"line":40,"column":8},"end":{"line":40,"column":28}},"16":{"start":{"line":14,"column":0},"end":{"line":14,"column":13}}},"fnMap":{"0":{"name":"(anonymous_0)","decl":{"start":{"line":15,"column":11},"end":{"line":15,"column":17}},"loc":{"start":{"line":15,"column":48},"end":{"line":33,"column":5}}},"1":{"name":"(anonymous_1)","decl":{"start":{"line":22,"column":43},"end":{"line":22,"column":46}},"loc":{"start":{"line":22,"column":49},"end":{"line":25,"column":13}}},"2":{"name":"(anonymous_2)","decl":{"start":{"line":35,"column":12},"end":{"line":35,"column":18}},"loc":{"start":{"line":35,"column":53},"end":{"line":41,"column":5}}}},"branchMap":{},"s":{"0":4,"1":4,"2":4,"3":4,"4":17,"5":1,"6":1,"7":2,"8":2,"9":1,"10":15,"11":15,"12":16,"13":17,"14":1,"15":16,"16":4},"f":{"0":17,"1":2,"2":17},"b":{}}
,"/home/travis/build/thiagobustamante/node-eventstore/src/mysql/mysql.ts": {"path":"/home/travis/build/thiagobustamante/node-eventstore/src/mysql/mysql.ts","statementMap":{"0":{"start":{"line":5,"column":0},"end":{"line":5,"column":41}},"1":{"start":{"line":12,"column":8},"end":{"line":12,"column":52}},"2":{"start":{"line":16,"column":8},"end":{"line":29,"column":11}},"3":{"start":{"line":17,"column":12},"end":{"line":28,"column":15}},"4":{"start":{"line":19,"column":20},"end":{"line":19,"column":39}},"5":{"start":{"line":21,"column":16},"end":{"line":27,"column":19}},"6":{"start":{"line":22,"column":20},"end":{"line":22,"column":41}},"7":{"start":{"line":24,"column":24},"end":{"line":24,"column":41}},"8":{"start":{"line":26,"column":20},"end":{"line":26,"column":34}},"9":{"start":{"line":8,"column":0},"end":{"line":8,"column":13}}},"fnMap":{"0":{"name":"(anonymous_0)","decl":{"start":{"line":11,"column":4},"end":{"line":11,"column":16}},"loc":{"start":{"line":11,"column":35},"end":{"line":13,"column":5}}},"1":{"name":"(anonymous_1)","decl":{"start":{"line":15,"column":11},"end":{"line":15,"column":16}},"loc":{"start":{"line":15,"column":40},"end":{"line":30,"column":5}}},"2":{"name":"(anonymous_2)","decl":{"start":{"line":16,"column":32},"end":{"line":16,"column":33}},"loc":{"start":{"line":16,"column":52},"end":{"line":29,"column":9}}},"3":{"name":"(anonymous_3)","decl":{"start":{"line":17,"column":36},"end":{"line":17,"column":37}},"loc":{"start":{"line":17,"column":56},"end":{"line":28,"column":13}}},"4":{"name":"(anonymous_4)","decl":{"start":{"line":21,"column":50},"end":{"line":21,"column":51}},"loc":{"start":{"line":21,"column":62},"end":{"line":27,"column":17}}}},"branchMap":{"0":{"loc":{"start":{"line":21,"column":38},"end":{"line":21,"column":42}},"type":"binary-expr","locations":[{"start":{"line":21,"column":38},"end":{"line":21,"column":42}},{"start":{"line":21,"column":46},"end":{"line":21,"column":48}}]}},"s":{"0":6,"1":12,"2":35,"3":35,"4":1,"5":34,"6":34,"7":1,"8":33,"9":6},"f":{"0":12,"1":35,"2":35,"3":35,"4":34},"b":{"0":[34,8]}}
,"/home/travis/build/thiagobustamante/node-eventstore/src/provider/memory.ts": {"path":"/home/travis/build/thiagobustamante/node-eventstore/src/provider/memory.ts","statementMap":{"0":{"start":{"line":3,"column":0},"end":{"line":3,"column":28}},"1":{"start":{"line":13,"column":12},"end":{"line":13,"column":70}},"2":{"start":{"line":16,"column":30},"end":{"line":16,"column":85}},"3":{"start":{"line":22,"column":8},"end":{"line":22,"column":34}},"4":{"start":{"line":23,"column":8},"end":{"line":23,"column":21}},"5":{"start":{"line":27,"column":24},"end":{"line":27,"column":73}},"6":{"start":{"line":28,"column":8},"end":{"line":28,"column":77}},"7":{"start":{"line":32,"column":21},"end":{"line":32,"column":50}},"8":{"start":{"line":33,"column":8},"end":{"line":33,"column":82}},"9":{"start":{"line":37,"column":24},"end":{"line":37,"column":51}},"10":{"start":{"line":39,"column":25},"end":{"line":39,"column":51}},"11":{"start":{"line":40,"column":12},"end":{"line":40,"column":86}},"12":{"start":{"line":42,"column":8},"end":{"line":42,"column":18}},"13":{"start":{"line":46,"column":22},"end":{"line":46,"column":49}},"14":{"start":{"line":48,"column":12},"end":{"line":48,"column":54}},"15":{"start":{"line":49,"column":12},"end":{"line":49,"column":49}},"16":{"start":{"line":51,"column":22},"end":{"line":51,"column":43}},"17":{"start":{"line":53,"column":12},"end":{"line":53,"column":41}},"18":{"start":{"line":54,"column":12},"end":{"line":54,"column":43}},"19":{"start":{"line":56,"column":8},"end":{"line":56,"column":23}},"20":{"start":{"line":12,"column":0},"end":{"line":12,"column":13}}},"fnMap":{"0":{"name":"(anonymous_0)","decl":{"start":{"line":12,"column":0},"end":{"line":12,"column":13}},"loc":{"start":{"line":12,"column":0},"end":{"line":58,"column":1}}},"1":{"name":"(anonymous_1)","decl":{"start":{"line":15,"column":11},"end":{"line":15,"column":16}},"loc":{"start":{"line":15,"column":51},"end":{"line":24,"column":5}}},"2":{"name":"(anonymous_2)","decl":{"start":{"line":26,"column":11},"end":{"line":26,"column":16}},"loc":{"start":{"line":26,"column":77},"end":{"line":29,"column":5}}},"3":{"name":"(anonymous_3)","decl":{"start":{"line":31,"column":11},"end":{"line":31,"column":16}},"loc":{"start":{"line":31,"column":67},"end":{"line":34,"column":5}}},"4":{"name":"(anonymous_4)","decl":{"start":{"line":36,"column":11},"end":{"line":36,"column":16}},"loc":{"start":{"line":36,"column":83},"end":{"line":43,"column":5}}},"5":{"name":"(anonymous_5)","decl":{"start":{"line":45,"column":12},"end":{"line":45,"column":25}},"loc":{"start":{"line":45,"column":63},"end":{"line":57,"column":5}}}},"branchMap":{"0":{"loc":{"start":{"line":26,"column":60},"end":{"line":26,"column":61}},"type":"default-arg","locations":[{"start":{"line":26,"column":60},"end":{"line":26,"column":61}}]},"1":{"loc":{"start":{"line":28,"column":44},"end":{"line":28,"column":49}},"type":"binary-expr","locations":[{"start":{"line":28,"column":44},"end":{"line":28,"column":49}},{"start":{"line":28,"column":53},"end":{"line":28,"column":67}}]},"2":{"loc":{"start":{"line":31,"column":50},"end":{"line":31,"column":51}},"type":"default-arg","locations":[{"start":{"line":31,"column":50},"end":{"line":31,"column":51}}]},"3":{"loc":{"start":{"line":33,"column":48},"end":{"line":33,"column":53}},"type":"binary-expr","locations":[{"start":{"line":33,"column":48},"end":{"line":33,"column":53}},{"start":{"line":33,"column":57},"end":{"line":33,"column":72}}]},"4":{"loc":{"start":{"line":36,"column":66},"end":{"line":36,"column":67}},"type":"default-arg","locations":[{"start":{"line":36,"column":66},"end":{"line":36,"column":67}}]},"5":{"loc":{"start":{"line":40,"column":52},"end":{"line":40,"column":57}},"type":"binary-expr","locations":[{"start":{"line":40,"column":52},"end":{"line":40,"column":57}},{"start":{"line":40,"column":61},"end":{"line":40,"column":76}}]}},"s":{"0":1,"1":23,"2":29,"3":29,"4":29,"5":2,"6":2,"7":4,"8":4,"9":3,"10":2,"11":2,"12":1,"13":31,"14":18,"15":18,"16":31,"17":23,"18":23,"19":31,"20":1},"f":{"0":23,"1":29,"2":2,"3":4,"4":3,"5":31},"b":{"0":[1],"1":[2,1],"2":[3],"3":[4,3],"4":[2],"5":[2,1]}}
,"/home/travis/build/thiagobustamante/node-eventstore/src/provider/mongo.ts": {"path":"/home/travis/build/thiagobustamante/node-eventstore/src/provider/mongo.ts","statementMap":{"0":{"start":{"line":3,"column":0},"end":{"line":3,"column":28}},"1":{"start":{"line":4,"column":0},"end":{"line":4,"column":50}},"2":{"start":{"line":19,"column":8},"end":{"line":19,"column":28}},"3":{"start":{"line":23,"column":23},"end":{"line":23,"column":42}},"4":{"start":{"line":24,"column":25},"end":{"line":24,"column":104}},"5":{"start":{"line":25,"column":32},"end":{"line":25,"column":52}},"6":{"start":{"line":32,"column":23},"end":{"line":32,"column":81}},"7":{"start":{"line":34,"column":12},"end":{"line":34,"column":65}},"8":{"start":{"line":37,"column":8},"end":{"line":37,"column":21}},"9":{"start":{"line":41,"column":23},"end":{"line":41,"column":42}},"10":{"start":{"line":42,"column":23},"end":{"line":42,"column":104}},"11":{"start":{"line":44,"column":12},"end":{"line":44,"column":32}},"12":{"start":{"line":47,"column":12},"end":{"line":47,"column":32}},"13":{"start":{"line":50,"column":8},"end":{"line":50,"column":38}},"14":{"start":{"line":54,"column":23},"end":{"line":54,"column":42}},"15":{"start":{"line":55,"column":23},"end":{"line":55,"column":79}},"16":{"start":{"line":58,"column":12},"end":{"line":58,"column":32}},"17":{"start":{"line":61,"column":12},"end":{"line":61,"column":32}},"18":{"start":{"line":63,"column":44},"end":{"line":63,"column":66}},"19":{"start":{"line":64,"column":8},"end":{"line":64,"column":28}},"20":{"start":{"line":68,"column":23},"end":{"line":68,"column":42}},"21":{"start":{"line":69,"column":23},"end":{"line":71,"column":41}},"22":{"start":{"line":74,"column":12},"end":{"line":74,"column":32}},"23":{"start":{"line":77,"column":12},"end":{"line":77,"column":32}},"24":{"start":{"line":79,"column":39},"end":{"line":79,"column":61}},"25":{"start":{"line":80,"column":8},"end":{"line":80,"column":23}},"26":{"start":{"line":84,"column":8},"end":{"line":84,"column":44}},"27":{"start":{"line":89,"column":32},"end":{"line":89,"column":59}},"28":{"start":{"line":90,"column":12},"end":{"line":90,"column":73}},"29":{"start":{"line":92,"column":8},"end":{"line":92,"column":36}},"30":{"start":{"line":97,"column":32},"end":{"line":97,"column":59}},"31":{"start":{"line":98,"column":12},"end":{"line":98,"column":78}},"32":{"start":{"line":100,"column":8},"end":{"line":100,"column":39}},"33":{"start":{"line":105,"column":12},"end":{"line":105,"column":99}},"34":{"start":{"line":107,"column":8},"end":{"line":107,"column":32}},"35":{"start":{"line":111,"column":25},"end":{"line":111,"column":46}},"36":{"start":{"line":112,"column":23},"end":{"line":118,"column":14}},"37":{"start":{"line":121,"column":12},"end":{"line":121,"column":65}},"38":{"start":{"line":123,"column":8},"end":{"line":123,"column":43}},"39":{"start":{"line":12,"column":0},"end":{"line":12,"column":13}}},"fnMap":{"0":{"name":"(anonymous_0)","decl":{"start":{"line":18,"column":4},"end":{"line":18,"column":16}},"loc":{"start":{"line":18,"column":27},"end":{"line":20,"column":5}}},"1":{"name":"(anonymous_1)","decl":{"start":{"line":22,"column":11},"end":{"line":22,"column":16}},"loc":{"start":{"line":22,"column":51},"end":{"line":38,"column":5}}},"2":{"name":"(anonymous_2)","decl":{"start":{"line":40,"column":11},"end":{"line":40,"column":16}},"loc":{"start":{"line":40,"column":80},"end":{"line":51,"column":5}}},"3":{"name":"(anonymous_3)","decl":{"start":{"line":53,"column":11},"end":{"line":53,"column":16}},"loc":{"start":{"line":53,"column":70},"end":{"line":65,"column":5}}},"4":{"name":"(anonymous_4)","decl":{"start":{"line":67,"column":11},"end":{"line":67,"column":16}},"loc":{"start":{"line":67,"column":86},"end":{"line":81,"column":5}}},"5":{"name":"(anonymous_5)","decl":{"start":{"line":83,"column":12},"end":{"line":83,"column":18}},"loc":{"start":{"line":83,"column":56},"end":{"line":85,"column":5}}},"6":{"name":"(anonymous_6)","decl":{"start":{"line":87,"column":12},"end":{"line":87,"column":17}},"loc":{"start":{"line":87,"column":24},"end":{"line":93,"column":5}}},"7":{"name":"(anonymous_7)","decl":{"start":{"line":95,"column":12},"end":{"line":95,"column":17}},"loc":{"start":{"line":95,"column":26},"end":{"line":101,"column":5}}},"8":{"name":"(anonymous_8)","decl":{"start":{"line":103,"column":12},"end":{"line":103,"column":17}},"loc":{"start":{"line":103,"column":32},"end":{"line":108,"column":5}}},"9":{"name":"(anonymous_9)","decl":{"start":{"line":110,"column":12},"end":{"line":110,"column":17}},"loc":{"start":{"line":110,"column":59},"end":{"line":124,"column":5}}}},"branchMap":{"0":{"loc":{"start":{"line":40,"column":60},"end":{"line":40,"column":61}},"type":"default-arg","locations":[{"start":{"line":40,"column":60},"end":{"line":40,"column":61}}]},"1":{"loc":{"start":{"line":40,"column":79},"end":{"line":40,"column":80}},"type":"default-arg","locations":[{"start":{"line":40,"column":79},"end":{"line":40,"column":80}}]},"2":{"loc":{"start":{"line":53,"column":50},"end":{"line":53,"column":51}},"type":"default-arg","locations":[{"start":{"line":53,"column":50},"end":{"line":53,"column":51}}]},"3":{"loc":{"start":{"line":53,"column":69},"end":{"line":53,"column":70}},"type":"default-arg","locations":[{"start":{"line":53,"column":69},"end":{"line":53,"column":70}}]},"4":{"loc":{"start":{"line":67,"column":66},"end":{"line":67,"column":67}},"type":"default-arg","locations":[{"start":{"line":67,"column":66},"end":{"line":67,"column":67}}]},"5":{"loc":{"start":{"line":67,"column":85},"end":{"line":67,"column":86}},"type":"default-arg","locations":[{"start":{"line":67,"column":85},"end":{"line":67,"column":86}}]}},"s":{"0":11,"1":11,"2":17,"3":15,"4":15,"5":14,"6":14,"7":1,"8":13,"9":4,"10":4,"11":2,"12":2,"13":4,"14":4,"15":4,"16":1,"17":2,"18":4,"19":4,"20":4,"21":4,"22":1,"23":2,"24":4,"25":4,"26":15,"27":17,"28":17,"29":27,"30":11,"31":11,"32":15,"33":17,"34":28,"35":15,"36":15,"37":1,"38":14,"39":11},"f":{"0":17,"1":15,"2":4,"3":4,"4":4,"5":15,"6":27,"7":15,"8":28,"9":15},"b":{"0":[2],"1":[2],"2":[2],"3":[2],"4":[2],"5":[2]}}
,"/home/travis/build/thiagobustamante/node-eventstore/src/provider/mysql.ts": {"path":"/home/travis/build/thiagobustamante/node-eventstore/src/provider/mysql.ts","statementMap":{"0":{"start":{"line":6,"column":0},"end":{"line":6,"column":39}},"1":{"start":{"line":14,"column":12},"end":{"line":14,"column":32}},"2":{"start":{"line":17,"column":8},"end":{"line":17,"column":39}},"3":{"start":{"line":21,"column":8},"end":{"line":21,"column":34}},"4":{"start":{"line":22,"column":21},"end":{"line":25,"column":97}},"5":{"start":{"line":27,"column":8},"end":{"line":27,"column":118}},"6":{"start":{"line":34,"column":8},"end":{"line":34,"column":21}},"7":{"start":{"line":38,"column":8},"end":{"line":38,"column":34}},"8":{"start":{"line":40,"column":12},"end":{"line":40,"column":44}},"9":{"start":{"line":42,"column":35},"end":{"line":43,"column":59}},"10":{"start":{"line":44,"column":8},"end":{"line":50,"column":11}},"11":{"start":{"line":45,"column":12},"end":{"line":49,"column":14}},"12":{"start":{"line":54,"column":8},"end":{"line":54,"column":34}},"13":{"start":{"line":56,"column":12},"end":{"line":56,"column":44}},"14":{"start":{"line":58,"column":8},"end":{"line":59,"column":29}},"15":{"start":{"line":63,"column":8},"end":{"line":63,"column":34}},"16":{"start":{"line":65,"column":12},"end":{"line":65,"column":44}},"17":{"start":{"line":67,"column":8},"end":{"line":68,"column":42}},"18":{"start":{"line":73,"column":12},"end":{"line":73,"column":38}},"19":{"start":{"line":74,"column":12},"end":{"line":74,"column":36}},"20":{"start":{"line":79,"column":8},"end":{"line":89,"column":19}},"21":{"start":{"line":12,"column":0},"end":{"line":12,"column":13}}},"fnMap":{"0":{"name":"(anonymous_0)","decl":{"start":{"line":16,"column":4},"end":{"line":16,"column":16}},"loc":{"start":{"line":16,"column":35},"end":{"line":18,"column":5}}},"1":{"name":"(anonymous_1)","decl":{"start":{"line":20,"column":11},"end":{"line":20,"column":16}},"loc":{"start":{"line":20,"column":51},"end":{"line":35,"column":5}}},"2":{"name":"(anonymous_2)","decl":{"start":{"line":37,"column":11},"end":{"line":37,"column":16}},"loc":{"start":{"line":37,"column":81},"end":{"line":51,"column":5}}},"3":{"name":"(anonymous_3)","decl":{"start":{"line":44,"column":26},"end":{"line":44,"column":30}},"loc":{"start":{"line":44,"column":33},"end":{"line":50,"column":9}}},"4":{"name":"(anonymous_4)","decl":{"start":{"line":53,"column":11},"end":{"line":53,"column":16}},"loc":{"start":{"line":53,"column":71},"end":{"line":60,"column":5}}},"5":{"name":"(anonymous_5)","decl":{"start":{"line":62,"column":11},"end":{"line":62,"column":16}},"loc":{"start":{"line":62,"column":87},"end":{"line":69,"column":5}}},"6":{"name":"(anonymous_6)","decl":{"start":{"line":71,"column":12},"end":{"line":71,"column":17}},"loc":{"start":{"line":71,"column":30},"end":{"line":76,"column":5}}},"7":{"name":"(anonymous_7)","decl":{"start":{"line":78,"column":12},"end":{"line":78,"column":17}},"loc":{"start":{"line":78,"column":30},"end":{"line":90,"column":5}}}},"branchMap":{"0":{"loc":{"start":{"line":37,"column":60},"end":{"line":37,"column":61}},"type":"default-arg","locations":[{"start":{"line":37,"column":60},"end":{"line":37,"column":61}}]},"1":{"loc":{"start":{"line":37,"column":79},"end":{"line":37,"column":81}},"type":"default-arg","locations":[{"start":{"line":37,"column":79},"end":{"line":37,"column":81}}]},"2":{"loc":{"start":{"line":53,"column":50},"end":{"line":53,"column":51}},"type":"default-arg","locations":[{"start":{"line":53,"column":50},"end":{"line":53,"column":51}}]},"3":{"loc":{"start":{"line":53,"column":69},"end":{"line":53,"column":71}},"type":"default-arg","locations":[{"start":{"line":53,"column":69},"end":{"line":53,"column":71}}]},"4":{"loc":{"start":{"line":62,"column":66},"end":{"line":62,"column":67}},"type":"default-arg","locations":[{"start":{"line":62,"column":66},"end":{"line":62,"column":67}}]},"5":{"loc":{"start":{"line":62,"column":85},"end":{"line":62,"column":87}},"type":"default-arg","locations":[{"start":{"line":62,"column":85},"end":{"line":62,"column":87}}]}},"s":{"0":1,"1":7,"2":7,"3":9,"4":9,"5":9,"6":9,"7":2,"8":1,"9":2,"10":2,"11":3,"12":2,"13":1,"14":2,"15":2,"16":1,"17":2,"18":7,"19":7,"20":7,"21":1},"f":{"0":7,"1":9,"2":2,"3":3,"4":2,"5":2,"6":15,"7":7},"b":{"0":[1],"1":[1],"2":[1],"3":[1],"4":[1],"5":[1]}}
,"/home/travis/build/thiagobustamante/node-eventstore/src/provider/redis.ts": {"path":"/home/travis/build/thiagobustamante/node-eventstore/src/provider/redis.ts","statementMap":{"0":{"start":{"line":7,"column":0},"end":{"line":7,"column":48}},"1":{"start":{"line":17,"column":8},"end":{"line":17,"column":55}},"2":{"start":{"line":21,"column":25},"end":{"line":21,"column":111}},"3":{"start":{"line":22,"column":21},"end":{"line":22,"column":44}},"4":{"start":{"line":23,"column":32},"end":{"line":23,"column":50}},"5":{"start":{"line":29,"column":8},"end":{"line":33,"column":20}},"6":{"start":{"line":34,"column":8},"end":{"line":34,"column":21}},"7":{"start":{"line":38,"column":39},"end":{"line":38,"column":121}},"8":{"start":{"line":39,"column":8},"end":{"line":39,"column":53}},"9":{"start":{"line":39,"column":35},"end":{"line":39,"column":51}},"10":{"start":{"line":43,"column":44},"end":{"line":43,"column":103}},"11":{"start":{"line":44,"column":8},"end":{"line":44,"column":28}},"12":{"start":{"line":48,"column":39},"end":{"line":48,"column":113}},"13":{"start":{"line":49,"column":8},"end":{"line":49,"column":23}},"14":{"start":{"line":53,"column":8},"end":{"line":53,"column":44}},"15":{"start":{"line":13,"column":0},"end":{"line":13,"column":13}}},"fnMap":{"0":{"name":"(anonymous_0)","decl":{"start":{"line":16,"column":4},"end":{"line":16,"column":16}},"loc":{"start":{"line":16,"column":35},"end":{"line":18,"column":5}}},"1":{"name":"(anonymous_1)","decl":{"start":{"line":20,"column":11},"end":{"line":20,"column":16}},"loc":{"start":{"line":20,"column":51},"end":{"line":35,"column":5}}},"2":{"name":"(anonymous_2)","decl":{"start":{"line":37,"column":11},"end":{"line":37,"column":16}},"loc":{"start":{"line":37,"column":81},"end":{"line":40,"column":5}}},"3":{"name":"(anonymous_3)","decl":{"start":{"line":39,"column":27},"end":{"line":39,"column":31}},"loc":{"start":{"line":39,"column":35},"end":{"line":39,"column":51}}},"4":{"name":"(anonymous_4)","decl":{"start":{"line":42,"column":11},"end":{"line":42,"column":16}},"loc":{"start":{"line":42,"column":71},"end":{"line":45,"column":5}}},"5":{"name":"(anonymous_5)","decl":{"start":{"line":47,"column":11},"end":{"line":47,"column":16}},"loc":{"start":{"line":47,"column":87},"end":{"line":50,"column":5}}},"6":{"name":"(anonymous_6)","decl":{"start":{"line":52,"column":12},"end":{"line":52,"column":18}},"loc":{"start":{"line":52,"column":56},"end":{"line":54,"column":5}}}},"branchMap":{"0":{"loc":{"start":{"line":37,"column":60},"end":{"line":37,"column":61}},"type":"default-arg","locations":[{"start":{"line":37,"column":60},"end":{"line":37,"column":61}}]},"1":{"loc":{"start":{"line":37,"column":79},"end":{"line":37,"column":81}},"type":"default-arg","locations":[{"start":{"line":37,"column":79},"end":{"line":37,"column":81}}]},"2":{"loc":{"start":{"line":42,"column":50},"end":{"line":42,"column":51}},"type":"default-arg","locations":[{"start":{"line":42,"column":50},"end":{"line":42,"column":51}}]},"3":{"loc":{"start":{"line":42,"column":69},"end":{"line":42,"column":71}},"type":"default-arg","locations":[{"start":{"line":42,"column":69},"end":{"line":42,"column":71}}]},"4":{"loc":{"start":{"line":47,"column":66},"end":{"line":47,"column":67}},"type":"default-arg","locations":[{"start":{"line":47,"column":66},"end":{"line":47,"column":67}}]},"5":{"loc":{"start":{"line":47,"column":85},"end":{"line":47,"column":87}},"type":"default-arg","locations":[{"start":{"line":47,"column":85},"end":{"line":47,"column":87}}]}},"s":{"0":8,"1":14,"2":10,"3":10,"4":10,"5":10,"6":10,"7":4,"8":4,"9":5,"10":4,"11":4,"12":4,"13":4,"14":24,"15":8},"f":{"0":14,"1":10,"2":4,"3":5,"4":4,"5":4,"6":24},"b":{"0":[2],"1":[2],"2":[2],"3":[2],"4":[2],"5":[2]}}
,"/home/travis/build/thiagobustamante/node-eventstore/src/publisher/memory.ts": {"path":"/home/travis/build/thiagobustamante/node-eventstore/src/publisher/memory.ts","statementMap":{"0":{"start":{"line":13,"column":12},"end":{"line":13,"column":66}},"1":{"start":{"line":16,"column":37},"end":{"line":16,"column":83}},"2":{"start":{"line":17,"column":23},"end":{"line":17,"column":28}},"3":{"start":{"line":19,"column":12},"end":{"line":19,"column":28}},"4":{"start":{"line":20,"column":12},"end":{"line":20,"column":76}},"5":{"start":{"line":20,"column":55},"end":{"line":20,"column":74}},"6":{"start":{"line":22,"column":8},"end":{"line":22,"column":24}},"7":{"start":{"line":26,"column":33},"end":{"line":26,"column":64}},"8":{"start":{"line":28,"column":12},"end":{"line":28,"column":57}},"9":{"start":{"line":29,"column":12},"end":{"line":29,"column":64}},"10":{"start":{"line":31,"column":8},"end":{"line":31,"column":44}},"11":{"start":{"line":32,"column":8},"end":{"line":37,"column":10}},"12":{"start":{"line":34,"column":30},"end":{"line":34,"column":68}},"13":{"start":{"line":35,"column":16},"end":{"line":35,"column":52}},"14":{"start":{"line":11,"column":0},"end":{"line":11,"column":13}}},"fnMap":{"0":{"name":"(anonymous_0)","decl":{"start":{"line":11,"column":0},"end":{"line":11,"column":13}},"loc":{"start":{"line":11,"column":0},"end":{"line":39,"column":1}}},"1":{"name":"(anonymous_1)","decl":{"start":{"line":15,"column":11},"end":{"line":15,"column":16}},"loc":{"start":{"line":15,"column":41},"end":{"line":23,"column":5}}},"2":{"name":"(anonymous_2)","decl":{"start":{"line":20,"column":41},"end":{"line":20,"column":51}},"loc":{"start":{"line":20,"column":55},"end":{"line":20,"column":74}}},"3":{"name":"(anonymous_3)","decl":{"start":{"line":25,"column":11},"end":{"line":25,"column":16}},"loc":{"start":{"line":25,"column":70},"end":{"line":38,"column":5}}},"4":{"name":"(anonymous_4)","decl":{"start":{"line":33,"column":20},"end":{"line":33,"column":25}},"loc":{"start":{"line":33,"column":31},"end":{"line":36,"column":13}}}},"branchMap":{"0":{"loc":{"start":{"line":18,"column":12},"end":{"line":18,"column":40}},"type":"binary-expr","locations":[{"start":{"line":18,"column":12},"end":{"line":18,"column":40}},{"start":{"line":18,"column":44},"end":{"line":18,"column":71}}]}},"s":{"0":9,"1":7,"2":7,"3":4,"4":4,"5":5,"6":7,"7":5,"8":4,"9":4,"10":5,"11":5,"12":1,"13":1,"14":1},"f":{"0":9,"1":7,"2":5,"3":5,"4":1},"b":{"0":[7,5]}}
,"/home/travis/build/thiagobustamante/node-eventstore/src/publisher/rabbitmq.ts": {"path":"/home/travis/build/thiagobustamante/node-eventstore/src/publisher/rabbitmq.ts","statementMap":{"0":{"start":{"line":3,"column":0},"end":{"line":3,"column":32}},"1":{"start":{"line":13,"column":12},"end":{"line":13,"column":47}},"2":{"start":{"line":16,"column":8},"end":{"line":16,"column":23}},"3":{"start":{"line":20,"column":24},"end":{"line":20,"column":47}},"4":{"start":{"line":21,"column":8},"end":{"line":21,"column":71}},"5":{"start":{"line":22,"column":8},"end":{"line":22,"column":106}},"6":{"start":{"line":26,"column":24},"end":{"line":26,"column":47}},"7":{"start":{"line":27,"column":8},"end":{"line":27,"column":56}},"8":{"start":{"line":29,"column":18},"end":{"line":29,"column":68}},"9":{"start":{"line":30,"column":8},"end":{"line":30,"column":52}},"10":{"start":{"line":31,"column":25},"end":{"line":33,"column":27}},"11":{"start":{"line":32,"column":12},"end":{"line":32,"column":59}},"12":{"start":{"line":34,"column":28},"end":{"line":34,"column":48}},"13":{"start":{"line":36,"column":8},"end":{"line":41,"column":10}},"14":{"start":{"line":38,"column":16},"end":{"line":38,"column":50}},"15":{"start":{"line":39,"column":16},"end":{"line":39,"column":51}},"16":{"start":{"line":46,"column":12},"end":{"line":46,"column":84}},"17":{"start":{"line":47,"column":12},"end":{"line":47,"column":44}},"18":{"start":{"line":53,"column":25},"end":{"line":53,"column":53}},"19":{"start":{"line":54,"column":12},"end":{"line":54,"column":54}},"20":{"start":{"line":56,"column":8},"end":{"line":56,"column":28}},"21":{"start":{"line":10,"column":0},"end":{"line":10,"column":13}}},"fnMap":{"0":{"name":"(anonymous_0)","decl":{"start":{"line":15,"column":4},"end":{"line":15,"column":16}},"loc":{"start":{"line":15,"column":27},"end":{"line":17,"column":5}}},"1":{"name":"(anonymous_1)","decl":{"start":{"line":19,"column":11},"end":{"line":19,"column":16}},"loc":{"start":{"line":19,"column":41},"end":{"line":23,"column":5}}},"2":{"name":"(anonymous_2)","decl":{"start":{"line":25,"column":11},"end":{"line":25,"column":16}},"loc":{"start":{"line":25,"column":70},"end":{"line":42,"column":5}}},"3":{"name":"(anonymous_3)","decl":{"start":{"line":31,"column":56},"end":{"line":31,"column":57}},"loc":{"start":{"line":31,"column":64},"end":{"line":33,"column":9}}},"4":{"name":"(anonymous_4)","decl":{"start":{"line":37,"column":20},"end":{"line":37,"column":25}},"loc":{"start":{"line":37,"column":31},"end":{"line":40,"column":13}}},"5":{"name":"(anonymous_5)","decl":{"start":{"line":44,"column":12},"end":{"line":44,"column":17}},"loc":{"start":{"line":44,"column":75},"end":{"line":49,"column":5}}},"6":{"name":"(anonymous_6)","decl":{"start":{"line":51,"column":12},"end":{"line":51,"column":17}},"loc":{"start":{"line":51,"column":28},"end":{"line":57,"column":5}}}},"branchMap":{},"s":{"0":3,"1":3,"2":3,"3":4,"4":4,"5":4,"6":3,"7":3,"8":3,"9":3,"10":3,"11":1,"12":3,"13":3,"14":2,"15":2,"16":3,"17":3,"18":3,"19":3,"20":7,"21":3},"f":{"0":3,"1":4,"2":3,"3":1,"4":2,"5":7,"6":7},"b":{}}
,"/home/travis/build/thiagobustamante/node-eventstore/src/publisher/redis.ts": {"path":"/home/travis/build/thiagobustamante/node-eventstore/src/publisher/redis.ts","statementMap":{"0":{"start":{"line":6,"column":0},"end":{"line":6,"column":48}},"1":{"start":{"line":16,"column":12},"end":{"line":16,"column":66}},"2":{"start":{"line":17,"column":12},"end":{"line":17,"column":45}},"3":{"start":{"line":20,"column":8},"end":{"line":20,"column":65}},"4":{"start":{"line":21,"column":8},"end":{"line":21,"column":64}},"5":{"start":{"line":25,"column":26},"end":{"line":25,"column":112}},"6":{"start":{"line":26,"column":8},"end":{"line":26,"column":29}},"7":{"start":{"line":30,"column":26},"end":{"line":30,"column":57}},"8":{"start":{"line":32,"column":12},"end":{"line":32,"column":50}},"9":{"start":{"line":33,"column":12},"end":{"line":33,"column":57}},"10":{"start":{"line":35,"column":8},"end":{"line":35,"column":37}},"11":{"start":{"line":36,"column":8},"end":{"line":36,"column":58}},"12":{"start":{"line":37,"column":8},"end":{"line":37,"column":43}},"13":{"start":{"line":39,"column":8},"end":{"line":47,"column":10}},"14":{"start":{"line":41,"column":30},"end":{"line":41,"column":61}},"15":{"start":{"line":42,"column":16},"end":{"line":42,"column":45}},"16":{"start":{"line":44,"column":20},"end":{"line":44,"column":66}},"17":{"start":{"line":52,"column":12},"end":{"line":52,"column":40}},"18":{"start":{"line":53,"column":12},"end":{"line":57,"column":15}},"19":{"start":{"line":54,"column":41},"end":{"line":54,"column":61}},"20":{"start":{"line":55,"column":36},"end":{"line":55,"column":67}},"21":{"start":{"line":56,"column":16},"end":{"line":56,"column":71}},"22":{"start":{"line":56,"column":50},"end":{"line":56,"column":69}},"23":{"start":{"line":13,"column":0},"end":{"line":13,"column":13}}},"fnMap":{"0":{"name":"(anonymous_0)","decl":{"start":{"line":19,"column":4},"end":{"line":19,"column":16}},"loc":{"start":{"line":19,"column":35},"end":{"line":22,"column":5}}},"1":{"name":"(anonymous_1)","decl":{"start":{"line":24,"column":11},"end":{"line":24,"column":16}},"loc":{"start":{"line":24,"column":41},"end":{"line":27,"column":5}}},"2":{"name":"(anonymous_2)","decl":{"start":{"line":29,"column":11},"end":{"line":29,"column":16}},"loc":{"start":{"line":29,"column":70},"end":{"line":48,"column":5}}},"3":{"name":"(anonymous_3)","decl":{"start":{"line":40,"column":20},"end":{"line":40,"column":25}},"loc":{"start":{"line":40,"column":31},"end":{"line":46,"column":13}}},"4":{"name":"(anonymous_4)","decl":{"start":{"line":50,"column":12},"end":{"line":50,"column":17}},"loc":{"start":{"line":50,"column":39},"end":{"line":59,"column":5}}},"5":{"name":"(anonymous_5)","decl":{"start":{"line":53,"column":53},"end":{"line":53,"column":54}},"loc":{"start":{"line":53,"column":79},"end":{"line":57,"column":13}}},"6":{"name":"(anonymous_6)","decl":{"start":{"line":56,"column":36},"end":{"line":56,"column":46}},"loc":{"start":{"line":56,"column":50},"end":{"line":56,"column":69}}}},"branchMap":{},"s":{"0":5,"1":10,"2":10,"3":10,"4":10,"5":7,"6":7,"7":8,"8":6,"9":6,"10":8,"11":8,"12":8,"13":8,"14":3,"15":3,"16":2,"17":5,"18":5,"19":4,"20":4,"21":4,"22":6,"23":5},"f":{"0":10,"1":7,"2":8,"3":3,"4":8,"5":4,"6":6},"b":{}}
,"/home/travis/build/thiagobustamante/node-eventstore/src/redis/connect.ts": {"path":"/home/travis/build/thiagobustamante/node-eventstore/src/redis/connect.ts","statementMap":{"0":{"start":{"line":3,"column":0},"end":{"line":3,"column":33}},"1":{"start":{"line":4,"column":0},"end":{"line":4,"column":27}},"2":{"start":{"line":5,"column":0},"end":{"line":5,"column":28}},"3":{"start":{"line":8,"column":24},"end":{"line":12,"column":2}},"4":{"start":{"line":14,"column":26},"end":{"line":27,"column":43}},"5":{"start":{"line":32,"column":8},"end":{"line":32,"column":53}},"6":{"start":{"line":35,"column":8},"end":{"line":37,"column":11}},"7":{"start":{"line":40,"column":12},"end":{"line":42,"column":15}},"8":{"start":{"line":41,"column":16},"end":{"line":41,"column":55}},"9":{"start":{"line":43,"column":12},"end":{"line":46,"column":15}},"10":{"start":{"line":48,"column":27},"end":{"line":51,"column":14}},"11":{"start":{"line":52,"column":12},"end":{"line":54,"column":15}},"12":{"start":{"line":53,"column":16},"end":{"line":53,"column":55}},"13":{"start":{"line":55,"column":12},"end":{"line":55,"column":39}},"14":{"start":{"line":57,"column":12},"end":{"line":59,"column":15}},"15":{"start":{"line":62,"column":16},"end":{"line":62,"column":69}},"16":{"start":{"line":65,"column":12},"end":{"line":66,"column":56}},"17":{"start":{"line":69,"column":8},"end":{"line":69,"column":22}},"18":{"start":{"line":73,"column":23},"end":{"line":73,"column":62}},"19":{"start":{"line":75,"column":12},"end":{"line":75,"column":31}},"20":{"start":{"line":77,"column":8},"end":{"line":77,"column":28}},"21":{"start":{"line":30,"column":0},"end":{"line":30,"column":13}}},"fnMap":{"0":{"name":"(anonymous_0)","decl":{"start":{"line":31,"column":11},"end":{"line":31,"column":17}},"loc":{"start":{"line":31,"column":50},"end":{"line":70,"column":5}}},"1":{"name":"(anonymous_1)","decl":{"start":{"line":40,"column":35},"end":{"line":40,"column":39}},"loc":{"start":{"line":40,"column":42},"end":{"line":42,"column":13}}},"2":{"name":"(anonymous_2)","decl":{"start":{"line":52,"column":42},"end":{"line":52,"column":46}},"loc":{"start":{"line":52,"column":49},"end":{"line":54,"column":13}}},"3":{"name":"(anonymous_3)","decl":{"start":{"line":72,"column":12},"end":{"line":72,"column":18}},"loc":{"start":{"line":72,"column":53},"end":{"line":78,"column":5}}}},"branchMap":{},"s":{"0":7,"1":7,"2":7,"3":7,"4":7,"5":34,"6":33,"7":1,"8":1,"9":1,"10":1,"11":1,"12":1,"13":1,"14":31,"15":1,"16":31,"17":33,"18":34,"19":1,"20":33,"21":7},"f":{"0":34,"1":1,"2":1,"3":34},"b":{}}
}
